<?xml version="1.0" encoding="UTF-8"?>
<!-- Generated by org.testng.reporters.JUnitXMLReporter -->
<testsuite ignored="0" hostname="DESKTOP-GEBH8JJ" failures="1" tests="9" name="Test2" time="0.046" errors="0" timestamp="03 Sep 2024 05:35:10 GMT">
  <testcase classname="org.parameter.A" name="A1" time="0.0">
    <failure type="org.testng.TestNGException" message="
Parameter &amp;apos;username&amp;apos; is required by @Test on method A1 but has not been marked @Optional or defined
in C:\Users\vinitha\eclipse-workspace\testng workspace\TestNg\parameter.xml">
      <![CDATA[org.testng.TestNGException: 
Parameter 'username' is required by @Test on method A1 but has not been marked @Optional or defined
in C:\Users\vinitha\eclipse-workspace\testng workspace\TestNg\parameter.xml
... Removed 24 stack frames]]>
    </failure>
  </testcase> <!-- A1 -->
  <testcase classname="org.parameter.A" name="A2" time="0.002"/>
  <testcase classname="org.parameter.A" name="A3" time="0.004"/>
  <testcase classname="org.parameter.B" name="B1" time="0.003"/>
  <testcase classname="org.parameter.B" name="B2" time="0.008"/>
  <testcase classname="org.parameter.B" name="B3" time="0.001"/>
  <testcase classname="org.parameter.C" name="C1" time="0.001"/>
  <testcase classname="org.parameter.C" name="C2" time="0.002"/>
  <testcase classname="org.parameter.C" name="C3" time="0.001"/>
</testsuite> <!-- Test2 -->
