<?xml version="1.0" encoding="UTF-8"?>
<!-- Generated by org.testng.reporters.JUnitXMLReporter -->
<testsuite ignored="0" hostname="DESKTOP-GEBH8JJ" failures="2" tests="16" name="Test" time="0.07" errors="0" timestamp="06 Sep 2024 04:28:51 GMT">
  <testcase classname="org.reruntest.A" name="A1" time="0.007"/>
  <testcase classname="org.reruntest.A" name="A2" time="0.003">
    <skipped/>
  </testcase> <!-- A2 -->
  <testcase classname="org.reruntest.A" name="A2" time="0.001">
    <skipped/>
  </testcase> <!-- A2 -->
  <testcase classname="org.reruntest.A" name="A2" time="0.001">
    <skipped/>
  </testcase> <!-- A2 -->
  <testcase classname="org.reruntest.A" name="A2" time="0.001">
    <skipped/>
  </testcase> <!-- A2 -->
  <testcase classname="org.reruntest.A" name="A2" time="0.001">
    <skipped/>
  </testcase> <!-- A2 -->
  <testcase classname="org.reruntest.A" name="A2" time="0.001">
    <failure type="java.lang.AssertionError" message="expected [true] but found [false]">
      <![CDATA[java.lang.AssertionError: expected [true] but found [false]
at org.reruntest.A.A2(A.java:15)
... Removed 29 stack frames]]>
    </failure>
  </testcase> <!-- A2 -->
  <testcase classname="org.reruntest.A" name="A3" time="0.001"/>
  <testcase classname="org.reruntest.B" name="B1" time="0.002"/>
  <testcase classname="org.reruntest.B" name="B2" time="0.001">
    <skipped/>
  </testcase> <!-- B2 -->
  <testcase classname="org.reruntest.B" name="B2" time="0.001">
    <skipped/>
  </testcase> <!-- B2 -->
  <testcase classname="org.reruntest.B" name="B2" time="0.001">
    <skipped/>
  </testcase> <!-- B2 -->
  <testcase classname="org.reruntest.B" name="B2" time="0.001">
    <skipped/>
  </testcase> <!-- B2 -->
  <testcase classname="org.reruntest.B" name="B2" time="0.001">
    <skipped/>
  </testcase> <!-- B2 -->
  <testcase classname="org.reruntest.B" name="B2" time="0.001">
    <failure type="java.lang.AssertionError" message="expected [true] but found [false]">
      <![CDATA[java.lang.AssertionError: expected [true] but found [false]
at org.reruntest.B.B2(B.java:15)
... Removed 29 stack frames]]>
    </failure>
  </testcase> <!-- B2 -->
  <testcase classname="org.reruntest.B" name="B3" time="0.001"/>
</testsuite> <!-- Test -->
